<?xml version="1.0" encoding="UTF-8"?>
<!-- Generated by org.testng.reporters.JUnitReportReporter -->
<testsuite hostname="LAPTOP-BF4K6QHH" failures="0" tests="1" name="learnjenkins.JenkinsTest" time="5.452" errors="0" timestamp="2022-01-24T01:20:07 IST" skipped="0">
  <testcase classname="learnjenkins.JenkinsTest" name="test" time="5.452"/>
  <system-out/>
</testsuite> <!-- learnjenkins.JenkinsTest -->
